[2015-12-14 20:25:24] local.ERROR: exception 'ErrorException' with message 'file_put_contents(/bb7d59678effedd4f9c56579c755a2a1): failed to open stream: Permission denied' in /Users/sotaque/Dropbox/sites/mariliasemdengue/mariliasemdengue/vendor/laravel/framework/src/Illuminate/Filesystem/Filesystem.php:81
Stack trace:
#0 [internal function]: Illuminate\Foundation\Bootstrap\HandleExceptions->handleError(2, 'file_put_conten...', '/Users/sotaque/...', 81, Array)
#1 /Users/sotaque/Dropbox/sites/mariliasemdengue/mariliasemdengue/vendor/laravel/framework/src/Illuminate/Filesystem/Filesystem.php(81): file_put_contents('/bb7d59678effed...', '<!DOCTYPE html>...', 0)
#2 /Users/sotaque/Dropbox/sites/mariliasemdengue/mariliasemdengue/vendor/laravel/framework/src/Illuminate/View/Compilers/BladeCompiler.php(102): Illuminate\Filesystem\Filesystem->put('/bb7d59678effed...', '<!DOCTYPE html>...')
#3 /Users/sotaque/Dropbox/sites/mariliasemdengue/mariliasemdengue/vendor/laravel/framework/src/Illuminate/View/Engines/CompilerEngine.php(50): Illuminate\View\Compilers\BladeCompiler->compile('/Users/sotaque/...')
#4 /Users/sotaque/Dropbox/sites/mariliasemdengue/mariliasemdengue/vendor/laravel/framework/src/Illuminate/View/View.php(135): Illuminate\View\Engines\CompilerEngine->get('/Users/sotaque/...', Array)
#5 /Users/sotaque/Dropbox/sites/mariliasemdengue/mariliasemdengue/vendor/laravel/framework/src/Illuminate/View/View.php(106): Illuminate\View\View->getContents()
#6 /Users/sotaque/Dropbox/sites/mariliasemdengue/mariliasemdengue/vendor/laravel/framework/src/Illuminate/View/View.php(80): Illuminate\View\View->renderContents()
#7 /Users/sotaque/Dropbox/sites/mariliasemdengue/mariliasemdengue/vendor/laravel/framework/src/Illuminate/Http/Response.php(51): Illuminate\View\View->render()
#8 /Users/sotaque/Dropbox/sites/mariliasemdengue/mariliasemdengue/vendor/symfony/http-foundation/Response.php(198): Illuminate\Http\Response->setContent(Object(Illuminate\View\View))
#9 /Users/sotaque/Dropbox/sites/mariliasemdengue/mariliasemdengue/vendor/laravel/framework/src/Illuminate/Routing/Router.php(1229): Symfony\Component\HttpFoundation\Response->__construct(Object(Illuminate\View\View))
#10 /Users/sotaque/Dropbox/sites/mariliasemdengue/mariliasemdengue/vendor/laravel/framework/src/Illuminate/Routing/ControllerDispatcher.php(113): Illuminate\Routing\Router->prepareResponse(Object(Illuminate\Http\Request), Object(Illuminate\View\View))
#11 [internal function]: Illuminate\Routing\ControllerDispatcher->Illuminate\Routing\{closure}(Object(Illuminate\Http\Request))
#12 /Users/sotaque/Dropbox/sites/mariliasemdengue/mariliasemdengue/vendor/laravel/framework/src/Illuminate/Pipeline/Pipeline.php(139): call_user_func(Object(Closure), Object(Illuminate\Http\Request))
#13 [internal function]: Illuminate\Pipeline\Pipeline->Illuminate\Pipeline\{closure}(Object(Illuminate\Http\Request))
#14 /Users/sotaque/Dropbox/sites/mariliasemdengue/mariliasemdengue/vendor/laravel/framework/src/Illuminate/Pipeline/Pipeline.php(103): call_user_func(Object(Closure), Object(Illuminate\Http\Request))
#15 /Users/sotaque/Dropbox/sites/mariliasemdengue/mariliasemdengue/vendor/laravel/framework/src/Illuminate/Routing/ControllerDispatcher.php(114): Illuminate\Pipeline\Pipeline->then(Object(Closure))
#16 /Users/sotaque/Dropbox/sites/mariliasemdengue/mariliasemdengue/vendor/laravel/framework/src/Illuminate/Routing/ControllerDispatcher.php(69): Illuminate\Routing\ControllerDispatcher->callWithinStack(Object(App\Http\Controllers\UserController), Object(Illuminate\Routing\Route), Object(Illuminate\Http\Request), 'index')
#17 /Users/sotaque/Dropbox/sites/mariliasemdengue/mariliasemdengue/vendor/laravel/framework/src/Illuminate/Routing/Route.php(203): Illuminate\Routing\ControllerDispatcher->dispatch(Object(Illuminate\Routing\Route), Object(Illuminate\Http\Request), 'App\\Http\\Contro...', 'index')
#18 /Users/sotaque/Dropbox/sites/mariliasemdengue/mariliasemdengue/vendor/laravel/framework/src/Illuminate/Routing/Route.php(134): Illuminate\Routing\Route->runWithCustomDispatcher(Object(Illuminate\Http\Request))
#19 /Users/sotaque/Dropbox/sites/mariliasemdengue/mariliasemdengue/vendor/laravel/framework/src/Illuminate/Routing/Router.php(708): Illuminate\Routing\Route->run(Object(Illuminate\Http\Request))
#20 [internal function]: Illuminate\Routing\Router->Illuminate\Routing\{closure}(Object(Illuminate\Http\Request))
#21 /Users/sotaque/Dropbox/sites/mariliasemdengue/mariliasemdengue/vendor/laravel/framework/src/Illuminate/Pipeline/Pipeline.php(139): call_user_func(Object(Closure), Object(Illuminate\Http\Request))
#22 [internal function]: Illuminate\Pipeline\Pipeline->Illuminate\Pipeline\{closure}(Object(Illuminate\Http\Request))
#23 /Users/sotaque/Dropbox/sites/mariliasemdengue/mariliasemdengue/vendor/laravel/framework/src/Illuminate/Pipeline/Pipeline.php(103): call_user_func(Object(Closure), Object(Illuminate\Http\Request))
#24 /Users/sotaque/Dropbox/sites/mariliasemdengue/mariliasemdengue/vendor/laravel/framework/src/Illuminate/Routing/Router.php(710): Illuminate\Pipeline\Pipeline->then(Object(Closure))
#25 /Users/sotaque/Dropbox/sites/mariliasemdengue/mariliasemdengue/vendor/laravel/framework/src/Illuminate/Routing/Router.php(675): Illuminate\Routing\Router->runRouteWithinStack(Object(Illuminate\Routing\Route), Object(Illuminate\Http\Request))
#26 /Users/sotaque/Dropbox/sites/mariliasemdengue/mariliasemdengue/vendor/laravel/framework/src/Illuminate/Routing/Router.php(635): Illuminate\Routing\Router->dispatchToRoute(Object(Illuminate\Http\Request))
#27 /Users/sotaque/Dropbox/sites/mariliasemdengue/mariliasemdengue/vendor/laravel/framework/src/Illuminate/Foundation/Http/Kernel.php(236): Illuminate\Routing\Router->dispatch(Object(Illuminate\Http\Request))
#28 [internal function]: Illuminate\Foundation\Http\Kernel->Illuminate\Foundation\Http\{closure}(Object(Illuminate\Http\Request))
#29 /Users/sotaque/Dropbox/sites/mariliasemdengue/mariliasemdengue/vendor/laravel/framework/src/Illuminate/Pipeline/Pipeline.php(139): call_user_func(Object(Closure), Object(Illuminate\Http\Request))
#30 /Users/sotaque/Dropbox/sites/mariliasemdengue/mariliasemdengue/vendor/lucadegasperi/oauth2-server-laravel/src/Middleware/OAuthExceptionHandlerMiddleware.php(36): Illuminate\Pipeline\Pipeline->Illuminate\Pipeline\{closure}(Object(Illuminate\Http\Request))
#31 [internal function]: LucaDegasperi\OAuth2Server\Middleware\OAuthExceptionHandlerMiddleware->handle(Object(Illuminate\Http\Request), Object(Closure))
#32 /Users/sotaque/Dropbox/sites/mariliasemdengue/mariliasemdengue/vendor/laravel/framework/src/Illuminate/Pipeline/Pipeline.php(124): call_user_func_array(Array, Array)
#33 /Users/sotaque/Dropbox/sites/mariliasemdengue/mariliasemdengue/vendor/laravel/framework/src/Illuminate/Foundation/Http/Middleware/VerifyCsrfToken.php(50): Illuminate\Pipeline\Pipeline->Illuminate\Pipeline\{closure}(Object(Illuminate\Http\Request))
#34 [internal function]: Illuminate\Foundation\Http\Middleware\VerifyCsrfToken->handle(Object(Illuminate\Http\Request), Object(Closure))
#35 /Users/sotaque/Dropbox/sites/mariliasemdengue/mariliasemdengue/vendor/laravel/framework/src/Illuminate/Pipeline/Pipeline.php(124): call_user_func_array(Array, Array)
#36 /Users/sotaque/Dropbox/sites/mariliasemdengue/mariliasemdengue/vendor/laravel/framework/src/Illuminate/View/Middleware/ShareErrorsFromSession.php(49): Illuminate\Pipeline\Pipeline->Illuminate\Pipeline\{closure}(Object(Illuminate\Http\Request))
#37 [internal function]: Illuminate\View\Middleware\ShareErrorsFromSession->handle(Object(Illuminate\Http\Request), Object(Closure))
#38 /Users/sotaque/Dropbox/sites/mariliasemdengue/mariliasemdengue/vendor/laravel/framework/src/Illuminate/Pipeline/Pipeline.php(124): call_user_func_array(Array, Array)
#39 /Users/sotaque/Dropbox/sites/mariliasemdengue/mariliasemdengue/vendor/laravel/framework/src/Illuminate/Session/Middleware/StartSession.php(62): Illuminate\Pipeline\Pipeline->Illuminate\Pipeline\{closure}(Object(Illuminate\Http\Request))
#40 [internal function]: Illuminate\Session\Middleware\StartSession->handle(Object(Illuminate\Http\Request), Object(Closure))
#41 /Users/sotaque/Dropbox/sites/mariliasemdengue/mariliasemdengue/vendor/laravel/framework/src/Illuminate/Pipeline/Pipeline.php(124): call_user_func_array(Array, Array)
#42 /Users/sotaque/Dropbox/sites/mariliasemdengue/mariliasemdengue/vendor/laravel/framework/src/Illuminate/Cookie/Middleware/AddQueuedCookiesToResponse.php(37): Illuminate\Pipeline\Pipeline->Illuminate\Pipeline\{closure}(Object(Illuminate\Http\Request))
#43 [internal function]: Illuminate\Cookie\Middleware\AddQueuedCookiesToResponse->handle(Object(Illuminate\Http\Request), Object(Closure))
#44 /Users/sotaque/Dropbox/sites/mariliasemdengue/mariliasemdengue/vendor/laravel/framework/src/Illuminate/Pipeline/Pipeline.php(124): call_user_func_array(Array, Array)
#45 /Users/sotaque/Dropbox/sites/mariliasemdengue/mariliasemdengue/vendor/laravel/framework/src/Illuminate/Cookie/Middleware/EncryptCookies.php(59): Illuminate\Pipeline\Pipeline->Illuminate\Pipeline\{closure}(Object(Illuminate\Http\Request))
#46 [internal function]: Illuminate\Cookie\Middleware\EncryptCookies->handle(Object(Illuminate\Http\Request), Object(Closure))
#47 /Users/sotaque/Dropbox/sites/mariliasemdengue/mariliasemdengue/vendor/laravel/framework/src/Illuminate/Pipeline/Pipeline.php(124): call_user_func_array(Array, Array)
#48 /Users/sotaque/Dropbox/sites/mariliasemdengue/mariliasemdengue/vendor/laravel/framework/src/Illuminate/Foundation/Http/Middleware/CheckForMaintenanceMode.php(44): Illuminate\Pipeline\Pipeline->Illuminate\Pipeline\{closure}(Object(Illuminate\Http\Request))
#49 [internal function]: Illuminate\Foundation\Http\Middleware\CheckForMaintenanceMode->handle(Object(Illuminate\Http\Request), Object(Closure))
#50 /Users/sotaque/Dropbox/sites/mariliasemdengue/mariliasemdengue/vendor/laravel/framework/src/Illuminate/Pipeline/Pipeline.php(124): call_user_func_array(Array, Array)
#51 [internal function]: Illuminate\Pipeline\Pipeline->Illuminate\Pipeline\{closure}(Object(Illuminate\Http\Request))
#52 /Users/sotaque/Dropbox/sites/mariliasemdengue/mariliasemdengue/vendor/laravel/framework/src/Illuminate/Pipeline/Pipeline.php(103): call_user_func(Object(Closure), Object(Illuminate\Http\Request))
#53 /Users/sotaque/Dropbox/sites/mariliasemdengue/mariliasemdengue/vendor/laravel/framework/src/Illuminate/Foundation/Http/Kernel.php(122): Illuminate\Pipeline\Pipeline->then(Object(Closure))
#54 /Users/sotaque/Dropbox/sites/mariliasemdengue/mariliasemdengue/vendor/laravel/framework/src/Illuminate/Foundation/Http/Kernel.php(87): Illuminate\Foundation\Http\Kernel->sendRequestThroughRouter(Object(Illuminate\Http\Request))
#55 /Users/sotaque/Dropbox/sites/mariliasemdengue/mariliasemdengue/public/index.php(54): Illuminate\Foundation\Http\Kernel->handle(Object(Illuminate\Http\Request))
#56 /Users/sotaque/Dropbox/sites/mariliasemdengue/mariliasemdengue/server.php(21): require_once('/Users/sotaque/...')
#57 {main}  
[2015-12-14 20:25:24] local.ERROR: exception 'ErrorException' with message 'file_put_contents(/Users/sotaque/Dropbox/sites/mariliasemdengue/mariliasemdengue/storage/framework/sessions/f30ff72e4905137429c9aa61ebe3165352051271): failed to open stream: No such file or directory' in /Users/sotaque/Dropbox/sites/mariliasemdengue/mariliasemdengue/vendor/laravel/framework/src/Illuminate/Filesystem/Filesystem.php:81
Stack trace:
#0 [internal function]: Illuminate\Foundation\Bootstrap\HandleExceptions->handleError(2, 'file_put_conten...', '/Users/sotaque/...', 81, Array)
#1 /Users/sotaque/Dropbox/sites/mariliasemdengue/mariliasemdengue/vendor/laravel/framework/src/Illuminate/Filesystem/Filesystem.php(81): file_put_contents('/Users/sotaque/...', 'a:3:{s:6:"_toke...', 2)
#2 /Users/sotaque/Dropbox/sites/mariliasemdengue/mariliasemdengue/vendor/laravel/framework/src/Illuminate/Session/FileSessionHandler.php(71): Illuminate\Filesystem\Filesystem->put('/Users/sotaque/...', 'a:3:{s:6:"_toke...', true)
#3 /Users/sotaque/Dropbox/sites/mariliasemdengue/mariliasemdengue/vendor/laravel/framework/src/Illuminate/Session/Store.php(271): Illuminate\Session\FileSessionHandler->write('f30ff72e4905137...', 'a:3:{s:6:"_toke...')
#4 /Users/sotaque/Dropbox/sites/mariliasemdengue/mariliasemdengue/vendor/laravel/framework/src/Illuminate/Session/Middleware/StartSession.php(88): Illuminate\Session\Store->save()
#5 /Users/sotaque/Dropbox/sites/mariliasemdengue/mariliasemdengue/vendor/laravel/framework/src/Illuminate/Foundation/Http/Kernel.php(145): Illuminate\Session\Middleware\StartSession->terminate(Object(Illuminate\Http\Request), Object(Illuminate\Http\Response))
#6 /Users/sotaque/Dropbox/sites/mariliasemdengue/mariliasemdengue/public/index.php(58): Illuminate\Foundation\Http\Kernel->terminate(Object(Illuminate\Http\Request), Object(Illuminate\Http\Response))
#7 /Users/sotaque/Dropbox/sites/mariliasemdengue/mariliasemdengue/server.php(21): require_once('/Users/sotaque/...')
#8 {main}  
[2015-12-14 21:17:53] local.ERROR: exception 'ReflectionException' with message 'Class \App\OAuth2\PasswordVerifier does not exist' in /Users/sotaque/Dropbox/sites/mariliasemdengue/mariliasemdengue/vendor/laravel/framework/src/Illuminate/Container/Container.php:737
Stack trace:
#0 /Users/sotaque/Dropbox/sites/mariliasemdengue/mariliasemdengue/vendor/laravel/framework/src/Illuminate/Container/Container.php(737): ReflectionClass->__construct('\\App\\OAuth2\\Pas...')
#1 /Users/sotaque/Dropbox/sites/mariliasemdengue/mariliasemdengue/vendor/laravel/framework/src/Illuminate/Container/Container.php(627): Illuminate\Container\Container->build('\\App\\OAuth2\\Pas...', Array)
#2 /Users/sotaque/Dropbox/sites/mariliasemdengue/mariliasemdengue/vendor/laravel/framework/src/Illuminate/Foundation/Application.php(674): Illuminate\Container\Container->make('\\App\\OAuth2\\Pas...', Array)
#3 /Users/sotaque/Dropbox/sites/mariliasemdengue/mariliasemdengue/vendor/lucadegasperi/oauth2-server-laravel/src/OAuth2ServerServiceProvider.php(125): Illuminate\Foundation\Application->make('\\App\\OAuth2\\Pas...')
#4 /Users/sotaque/Dropbox/sites/mariliasemdengue/mariliasemdengue/vendor/laravel/framework/src/Illuminate/Container/Container.php(275): LucaDegasperi\OAuth2Server\OAuth2ServerServiceProvider->LucaDegasperi\OAuth2Server\{closure}(Object(Illuminate\Foundation\Application))
#5 /Users/sotaque/Dropbox/sites/mariliasemdengue/mariliasemdengue/vendor/laravel/framework/src/Illuminate/Container/Container.php(734): Illuminate\Container\Container->Illuminate\Container\{closure}(Object(Illuminate\Foundation\Application), Array)
#6 /Users/sotaque/Dropbox/sites/mariliasemdengue/mariliasemdengue/vendor/laravel/framework/src/Illuminate/Container/Container.php(627): Illuminate\Container\Container->build(Object(Closure), Array)
#7 /Users/sotaque/Dropbox/sites/mariliasemdengue/mariliasemdengue/vendor/laravel/framework/src/Illuminate/Foundation/Application.php(674): Illuminate\Container\Container->make('oauth2-server.a...', Array)
#8 /Users/sotaque/Dropbox/sites/mariliasemdengue/mariliasemdengue/vendor/laravel/framework/src/Illuminate/Container/Container.php(1159): Illuminate\Foundation\Application->make('oauth2-server.a...')
#9 /Users/sotaque/Dropbox/sites/mariliasemdengue/mariliasemdengue/vendor/laravel/framework/src/Illuminate/Support/Facades/Facade.php(151): Illuminate\Container\Container->offsetGet('oauth2-server.a...')
#10 /Users/sotaque/Dropbox/sites/mariliasemdengue/mariliasemdengue/vendor/laravel/framework/src/Illuminate/Support/Facades/Facade.php(120): Illuminate\Support\Facades\Facade::resolveFacadeInstance('oauth2-server.a...')
#11 /Users/sotaque/Dropbox/sites/mariliasemdengue/mariliasemdengue/vendor/laravel/framework/src/Illuminate/Support/Facades/Facade.php(205): Illuminate\Support\Facades\Facade::getFacadeRoot()
#12 /Users/sotaque/Dropbox/sites/mariliasemdengue/mariliasemdengue/app/Http/routes.php(140): Illuminate\Support\Facades\Facade::__callStatic('issueAccessToke...', Array)
#13 /Users/sotaque/Dropbox/sites/mariliasemdengue/mariliasemdengue/app/Http/routes.php(140): LucaDegasperi\OAuth2Server\Facades\Authorizer::issueAccessToken()
#14 [internal function]: App\Providers\RouteServiceProvider->{closure}()
#15 /Users/sotaque/Dropbox/sites/mariliasemdengue/mariliasemdengue/vendor/laravel/framework/src/Illuminate/Routing/Route.php(155): call_user_func_array(Object(Closure), Array)
#16 /Users/sotaque/Dropbox/sites/mariliasemdengue/mariliasemdengue/vendor/laravel/framework/src/Illuminate/Routing/Route.php(130): Illuminate\Routing\Route->runCallable(Object(Illuminate\Http\Request))
#17 /Users/sotaque/Dropbox/sites/mariliasemdengue/mariliasemdengue/vendor/laravel/framework/src/Illuminate/Routing/Router.php(708): Illuminate\Routing\Route->run(Object(Illuminate\Http\Request))
#18 [internal function]: Illuminate\Routing\Router->Illuminate\Routing\{closure}(Object(Illuminate\Http\Request))
#19 /Users/sotaque/Dropbox/sites/mariliasemdengue/mariliasemdengue/vendor/laravel/framework/src/Illuminate/Pipeline/Pipeline.php(139): call_user_func(Object(Closure), Object(Illuminate\Http\Request))
#20 [internal function]: Illuminate\Pipeline\Pipeline->Illuminate\Pipeline\{closure}(Object(Illuminate\Http\Request))
#21 /Users/sotaque/Dropbox/sites/mariliasemdengue/mariliasemdengue/vendor/laravel/framework/src/Illuminate/Pipeline/Pipeline.php(103): call_user_func(Object(Closure), Object(Illuminate\Http\Request))
#22 /Users/sotaque/Dropbox/sites/mariliasemdengue/mariliasemdengue/vendor/laravel/framework/src/Illuminate/Routing/Router.php(710): Illuminate\Pipeline\Pipeline->then(Object(Closure))
#23 /Users/sotaque/Dropbox/sites/mariliasemdengue/mariliasemdengue/vendor/laravel/framework/src/Illuminate/Routing/Router.php(675): Illuminate\Routing\Router->runRouteWithinStack(Object(Illuminate\Routing\Route), Object(Illuminate\Http\Request))
#24 /Users/sotaque/Dropbox/sites/mariliasemdengue/mariliasemdengue/vendor/laravel/framework/src/Illuminate/Routing/Router.php(635): Illuminate\Routing\Router->dispatchToRoute(Object(Illuminate\Http\Request))
#25 /Users/sotaque/Dropbox/sites/mariliasemdengue/mariliasemdengue/vendor/laravel/framework/src/Illuminate/Foundation/Http/Kernel.php(236): Illuminate\Routing\Router->dispatch(Object(Illuminate\Http\Request))
#26 [internal function]: Illuminate\Foundation\Http\Kernel->Illuminate\Foundation\Http\{closure}(Object(Illuminate\Http\Request))
#27 /Users/sotaque/Dropbox/sites/mariliasemdengue/mariliasemdengue/vendor/laravel/framework/src/Illuminate/Pipeline/Pipeline.php(139): call_user_func(Object(Closure), Object(Illuminate\Http\Request))
#28 /Users/sotaque/Dropbox/sites/mariliasemdengue/mariliasemdengue/vendor/lucadegasperi/oauth2-server-laravel/src/Middleware/OAuthExceptionHandlerMiddleware.php(36): Illuminate\Pipeline\Pipeline->Illuminate\Pipeline\{closure}(Object(Illuminate\Http\Request))
#29 [internal function]: LucaDegasperi\OAuth2Server\Middleware\OAuthExceptionHandlerMiddleware->handle(Object(Illuminate\Http\Request), Object(Closure))
#30 /Users/sotaque/Dropbox/sites/mariliasemdengue/mariliasemdengue/vendor/laravel/framework/src/Illuminate/Pipeline/Pipeline.php(124): call_user_func_array(Array, Array)
#31 /Users/sotaque/Dropbox/sites/mariliasemdengue/mariliasemdengue/vendor/laravel/framework/src/Illuminate/Foundation/Http/Middleware/VerifyCsrfToken.php(50): Illuminate\Pipeline\Pipeline->Illuminate\Pipeline\{closure}(Object(Illuminate\Http\Request))
#32 [internal function]: Illuminate\Foundation\Http\Middleware\VerifyCsrfToken->handle(Object(Illuminate\Http\Request), Object(Closure))
#33 /Users/sotaque/Dropbox/sites/mariliasemdengue/mariliasemdengue/vendor/laravel/framework/src/Illuminate/Pipeline/Pipeline.php(124): call_user_func_array(Array, Array)
#34 /Users/sotaque/Dropbox/sites/mariliasemdengue/mariliasemdengue/vendor/laravel/framework/src/Illuminate/View/Middleware/ShareErrorsFromSession.php(49): Illuminate\Pipeline\Pipeline->Illuminate\Pipeline\{closure}(Object(Illuminate\Http\Request))
#35 [internal function]: Illuminate\View\Middleware\ShareErrorsFromSession->handle(Object(Illuminate\Http\Request), Object(Closure))
#36 /Users/sotaque/Dropbox/sites/mariliasemdengue/mariliasemdengue/vendor/laravel/framework/src/Illuminate/Pipeline/Pipeline.php(124): call_user_func_array(Array, Array)
#37 /Users/sotaque/Dropbox/sites/mariliasemdengue/mariliasemdengue/vendor/laravel/framework/src/Illuminate/Session/Middleware/StartSession.php(62): Illuminate\Pipeline\Pipeline->Illuminate\Pipeline\{closure}(Object(Illuminate\Http\Request))
#38 [internal function]: Illuminate\Session\Middleware\StartSession->handle(Object(Illuminate\Http\Request), Object(Closure))
#39 /Users/sotaque/Dropbox/sites/mariliasemdengue/mariliasemdengue/vendor/laravel/framework/src/Illuminate/Pipeline/Pipeline.php(124): call_user_func_array(Array, Array)
#40 /Users/sotaque/Dropbox/sites/mariliasemdengue/mariliasemdengue/vendor/laravel/framework/src/Illuminate/Cookie/Middleware/AddQueuedCookiesToResponse.php(37): Illuminate\Pipeline\Pipeline->Illuminate\Pipeline\{closure}(Object(Illuminate\Http\Request))
#41 [internal function]: Illuminate\Cookie\Middleware\AddQueuedCookiesToResponse->handle(Object(Illuminate\Http\Request), Object(Closure))
#42 /Users/sotaque/Dropbox/sites/mariliasemdengue/mariliasemdengue/vendor/laravel/framework/src/Illuminate/Pipeline/Pipeline.php(124): call_user_func_array(Array, Array)
#43 /Users/sotaque/Dropbox/sites/mariliasemdengue/mariliasemdengue/vendor/laravel/framework/src/Illuminate/Cookie/Middleware/EncryptCookies.php(59): Illuminate\Pipeline\Pipeline->Illuminate\Pipeline\{closure}(Object(Illuminate\Http\Request))
#44 [internal function]: Illuminate\Cookie\Middleware\EncryptCookies->handle(Object(Illuminate\Http\Request), Object(Closure))
#45 /Users/sotaque/Dropbox/sites/mariliasemdengue/mariliasemdengue/vendor/laravel/framework/src/Illuminate/Pipeline/Pipeline.php(124): call_user_func_array(Array, Array)
#46 /Users/sotaque/Dropbox/sites/mariliasemdengue/mariliasemdengue/vendor/laravel/framework/src/Illuminate/Foundation/Http/Middleware/CheckForMaintenanceMode.php(44): Illuminate\Pipeline\Pipeline->Illuminate\Pipeline\{closure}(Object(Illuminate\Http\Request))
#47 [internal function]: Illuminate\Foundation\Http\Middleware\CheckForMaintenanceMode->handle(Object(Illuminate\Http\Request), Object(Closure))
#48 /Users/sotaque/Dropbox/sites/mariliasemdengue/mariliasemdengue/vendor/laravel/framework/src/Illuminate/Pipeline/Pipeline.php(124): call_user_func_array(Array, Array)
#49 [internal function]: Illuminate\Pipeline\Pipeline->Illuminate\Pipeline\{closure}(Object(Illuminate\Http\Request))
#50 /Users/sotaque/Dropbox/sites/mariliasemdengue/mariliasemdengue/vendor/laravel/framework/src/Illuminate/Pipeline/Pipeline.php(103): call_user_func(Object(Closure), Object(Illuminate\Http\Request))
#51 /Users/sotaque/Dropbox/sites/mariliasemdengue/mariliasemdengue/vendor/laravel/framework/src/Illuminate/Foundation/Http/Kernel.php(122): Illuminate\Pipeline\Pipeline->then(Object(Closure))
#52 /Users/sotaque/Dropbox/sites/mariliasemdengue/mariliasemdengue/vendor/laravel/framework/src/Illuminate/Foundation/Http/Kernel.php(87): Illuminate\Foundation\Http\Kernel->sendRequestThroughRouter(Object(Illuminate\Http\Request))
#53 /Users/sotaque/Dropbox/sites/mariliasemdengue/mariliasemdengue/public/index.php(54): Illuminate\Foundation\Http\Kernel->handle(Object(Illuminate\Http\Request))
#54 /Users/sotaque/Dropbox/sites/mariliasemdengue/mariliasemdengue/server.php(21): require_once('/Users/sotaque/...')
#55 {main}  
[2015-12-14 21:17:53] local.ERROR: exception 'ErrorException' with message 'file_put_contents(/Users/sotaque/Dropbox/sites/mariliasemdengue/mariliasemdengue/storage/framework/sessions/58a544f9bca058a0c7bbedf75eac97f207e1cf02): failed to open stream: No such file or directory' in /Users/sotaque/Dropbox/sites/mariliasemdengue/mariliasemdengue/vendor/laravel/framework/src/Illuminate/Filesystem/Filesystem.php:81
Stack trace:
#0 [internal function]: Illuminate\Foundation\Bootstrap\HandleExceptions->handleError(2, 'file_put_conten...', '/Users/sotaque/...', 81, Array)
#1 /Users/sotaque/Dropbox/sites/mariliasemdengue/mariliasemdengue/vendor/laravel/framework/src/Illuminate/Filesystem/Filesystem.php(81): file_put_contents('/Users/sotaque/...', 'a:3:{s:6:"_toke...', 2)
#2 /Users/sotaque/Dropbox/sites/mariliasemdengue/mariliasemdengue/vendor/laravel/framework/src/Illuminate/Session/FileSessionHandler.php(71): Illuminate\Filesystem\Filesystem->put('/Users/sotaque/...', 'a:3:{s:6:"_toke...', true)
#3 /Users/sotaque/Dropbox/sites/mariliasemdengue/mariliasemdengue/vendor/laravel/framework/src/Illuminate/Session/Store.php(271): Illuminate\Session\FileSessionHandler->write('58a544f9bca058a...', 'a:3:{s:6:"_toke...')
#4 /Users/sotaque/Dropbox/sites/mariliasemdengue/mariliasemdengue/vendor/laravel/framework/src/Illuminate/Session/Middleware/StartSession.php(88): Illuminate\Session\Store->save()
#5 /Users/sotaque/Dropbox/sites/mariliasemdengue/mariliasemdengue/vendor/laravel/framework/src/Illuminate/Foundation/Http/Kernel.php(145): Illuminate\Session\Middleware\StartSession->terminate(Object(Illuminate\Http\Request), Object(Illuminate\Http\Response))
#6 /Users/sotaque/Dropbox/sites/mariliasemdengue/mariliasemdengue/public/index.php(58): Illuminate\Foundation\Http\Kernel->terminate(Object(Illuminate\Http\Request), Object(Illuminate\Http\Response))
#7 /Users/sotaque/Dropbox/sites/mariliasemdengue/mariliasemdengue/server.php(21): require_once('/Users/sotaque/...')
#8 {main}  
[2015-12-14 21:20:24] local.ERROR: exception 'ErrorException' with message 'file_put_contents(/Users/sotaque/Dropbox/sites/mariliasemdengue/mariliasemdengue/storage/framework/sessions/78a9a3247a89dc315d2f5242b2a64b84b3f6bc63): failed to open stream: No such file or directory' in /Users/sotaque/Dropbox/sites/mariliasemdengue/mariliasemdengue/vendor/laravel/framework/src/Illuminate/Filesystem/Filesystem.php:81
Stack trace:
#0 [internal function]: Illuminate\Foundation\Bootstrap\HandleExceptions->handleError(2, 'file_put_conten...', '/Users/sotaque/...', 81, Array)
#1 /Users/sotaque/Dropbox/sites/mariliasemdengue/mariliasemdengue/vendor/laravel/framework/src/Illuminate/Filesystem/Filesystem.php(81): file_put_contents('/Users/sotaque/...', 'a:3:{s:6:"_toke...', 2)
#2 /Users/sotaque/Dropbox/sites/mariliasemdengue/mariliasemdengue/vendor/laravel/framework/src/Illuminate/Session/FileSessionHandler.php(71): Illuminate\Filesystem\Filesystem->put('/Users/sotaque/...', 'a:3:{s:6:"_toke...', true)
#3 /Users/sotaque/Dropbox/sites/mariliasemdengue/mariliasemdengue/vendor/laravel/framework/src/Illuminate/Session/Store.php(271): Illuminate\Session\FileSessionHandler->write('78a9a3247a89dc3...', 'a:3:{s:6:"_toke...')
#4 /Users/sotaque/Dropbox/sites/mariliasemdengue/mariliasemdengue/vendor/laravel/framework/src/Illuminate/Session/Middleware/StartSession.php(88): Illuminate\Session\Store->save()
#5 /Users/sotaque/Dropbox/sites/mariliasemdengue/mariliasemdengue/vendor/laravel/framework/src/Illuminate/Foundation/Http/Kernel.php(145): Illuminate\Session\Middleware\StartSession->terminate(Object(Illuminate\Http\Request), Object(Illuminate\Http\JsonResponse))
#6 /Users/sotaque/Dropbox/sites/mariliasemdengue/mariliasemdengue/public/index.php(58): Illuminate\Foundation\Http\Kernel->terminate(Object(Illuminate\Http\Request), Object(Illuminate\Http\JsonResponse))
#7 /Users/sotaque/Dropbox/sites/mariliasemdengue/mariliasemdengue/server.php(21): require_once('/Users/sotaque/...')
#8 {main}  
[2015-12-14 21:20:43] local.ERROR: exception 'ErrorException' with message 'file_put_contents(/Users/sotaque/Dropbox/sites/mariliasemdengue/mariliasemdengue/storage/framework/sessions/78a9a3247a89dc315d2f5242b2a64b84b3f6bc63): failed to open stream: No such file or directory' in /Users/sotaque/Dropbox/sites/mariliasemdengue/mariliasemdengue/vendor/laravel/framework/src/Illuminate/Filesystem/Filesystem.php:81
Stack trace:
#0 [internal function]: Illuminate\Foundation\Bootstrap\HandleExceptions->handleError(2, 'file_put_conten...', '/Users/sotaque/...', 81, Array)
#1 /Users/sotaque/Dropbox/sites/mariliasemdengue/mariliasemdengue/vendor/laravel/framework/src/Illuminate/Filesystem/Filesystem.php(81): file_put_contents('/Users/sotaque/...', 'a:3:{s:6:"_toke...', 2)
#2 /Users/sotaque/Dropbox/sites/mariliasemdengue/mariliasemdengue/vendor/laravel/framework/src/Illuminate/Session/FileSessionHandler.php(71): Illuminate\Filesystem\Filesystem->put('/Users/sotaque/...', 'a:3:{s:6:"_toke...', true)
#3 /Users/sotaque/Dropbox/sites/mariliasemdengue/mariliasemdengue/vendor/laravel/framework/src/Illuminate/Session/Store.php(271): Illuminate\Session\FileSessionHandler->write('78a9a3247a89dc3...', 'a:3:{s:6:"_toke...')
#4 /Users/sotaque/Dropbox/sites/mariliasemdengue/mariliasemdengue/vendor/laravel/framework/src/Illuminate/Session/Middleware/StartSession.php(88): Illuminate\Session\Store->save()
#5 /Users/sotaque/Dropbox/sites/mariliasemdengue/mariliasemdengue/vendor/laravel/framework/src/Illuminate/Foundation/Http/Kernel.php(145): Illuminate\Session\Middleware\StartSession->terminate(Object(Illuminate\Http\Request), Object(Illuminate\Http\JsonResponse))
#6 /Users/sotaque/Dropbox/sites/mariliasemdengue/mariliasemdengue/public/index.php(58): Illuminate\Foundation\Http\Kernel->terminate(Object(Illuminate\Http\Request), Object(Illuminate\Http\JsonResponse))
#7 /Users/sotaque/Dropbox/sites/mariliasemdengue/mariliasemdengue/server.php(21): require_once('/Users/sotaque/...')
#8 {main}  
[2015-12-14 21:30:19] local.ERROR: exception 'ReflectionException' with message 'Class App\OAuth2\PasswordVerifier does not exist' in /Users/sotaque/Dropbox/sites/mariliasemdengue/mariliasemdengue/vendor/laravel/framework/src/Illuminate/Container/Container.php:737
Stack trace:
#0 /Users/sotaque/Dropbox/sites/mariliasemdengue/mariliasemdengue/vendor/laravel/framework/src/Illuminate/Container/Container.php(737): ReflectionClass->__construct('App\\OAuth2\\Pass...')
#1 /Users/sotaque/Dropbox/sites/mariliasemdengue/mariliasemdengue/vendor/laravel/framework/src/Illuminate/Container/Container.php(627): Illuminate\Container\Container->build('App\\OAuth2\\Pass...', Array)
#2 /Users/sotaque/Dropbox/sites/mariliasemdengue/mariliasemdengue/vendor/laravel/framework/src/Illuminate/Foundation/Application.php(674): Illuminate\Container\Container->make('App\\OAuth2\\Pass...', Array)
#3 /Users/sotaque/Dropbox/sites/mariliasemdengue/mariliasemdengue/vendor/lucadegasperi/oauth2-server-laravel/src/OAuth2ServerServiceProvider.php(125): Illuminate\Foundation\Application->make('App\\OAuth2\\Pass...')
#4 /Users/sotaque/Dropbox/sites/mariliasemdengue/mariliasemdengue/vendor/laravel/framework/src/Illuminate/Container/Container.php(275): LucaDegasperi\OAuth2Server\OAuth2ServerServiceProvider->LucaDegasperi\OAuth2Server\{closure}(Object(Illuminate\Foundation\Application))
#5 /Users/sotaque/Dropbox/sites/mariliasemdengue/mariliasemdengue/vendor/laravel/framework/src/Illuminate/Container/Container.php(734): Illuminate\Container\Container->Illuminate\Container\{closure}(Object(Illuminate\Foundation\Application), Array)
#6 /Users/sotaque/Dropbox/sites/mariliasemdengue/mariliasemdengue/vendor/laravel/framework/src/Illuminate/Container/Container.php(627): Illuminate\Container\Container->build(Object(Closure), Array)
#7 /Users/sotaque/Dropbox/sites/mariliasemdengue/mariliasemdengue/vendor/laravel/framework/src/Illuminate/Foundation/Application.php(674): Illuminate\Container\Container->make('oauth2-server.a...', Array)
#8 /Users/sotaque/Dropbox/sites/mariliasemdengue/mariliasemdengue/vendor/laravel/framework/src/Illuminate/Container/Container.php(1159): Illuminate\Foundation\Application->make('oauth2-server.a...')
#9 /Users/sotaque/Dropbox/sites/mariliasemdengue/mariliasemdengue/vendor/laravel/framework/src/Illuminate/Support/Facades/Facade.php(151): Illuminate\Container\Container->offsetGet('oauth2-server.a...')
#10 /Users/sotaque/Dropbox/sites/mariliasemdengue/mariliasemdengue/vendor/laravel/framework/src/Illuminate/Support/Facades/Facade.php(120): Illuminate\Support\Facades\Facade::resolveFacadeInstance('oauth2-server.a...')
#11 /Users/sotaque/Dropbox/sites/mariliasemdengue/mariliasemdengue/vendor/laravel/framework/src/Illuminate/Support/Facades/Facade.php(205): Illuminate\Support\Facades\Facade::getFacadeRoot()
#12 /Users/sotaque/Dropbox/sites/mariliasemdengue/mariliasemdengue/app/Http/routes.php(140): Illuminate\Support\Facades\Facade::__callStatic('issueAccessToke...', Array)
#13 /Users/sotaque/Dropbox/sites/mariliasemdengue/mariliasemdengue/app/Http/routes.php(140): LucaDegasperi\OAuth2Server\Facades\Authorizer::issueAccessToken()
#14 [internal function]: App\Providers\RouteServiceProvider->{closure}()
#15 /Users/sotaque/Dropbox/sites/mariliasemdengue/mariliasemdengue/vendor/laravel/framework/src/Illuminate/Routing/Route.php(155): call_user_func_array(Object(Closure), Array)
#16 /Users/sotaque/Dropbox/sites/mariliasemdengue/mariliasemdengue/vendor/laravel/framework/src/Illuminate/Routing/Route.php(130): Illuminate\Routing\Route->runCallable(Object(Illuminate\Http\Request))
#17 /Users/sotaque/Dropbox/sites/mariliasemdengue/mariliasemdengue/vendor/laravel/framework/src/Illuminate/Routing/Router.php(708): Illuminate\Routing\Route->run(Object(Illuminate\Http\Request))
#18 [internal function]: Illuminate\Routing\Router->Illuminate\Routing\{closure}(Object(Illuminate\Http\Request))
#19 /Users/sotaque/Dropbox/sites/mariliasemdengue/mariliasemdengue/vendor/laravel/framework/src/Illuminate/Pipeline/Pipeline.php(139): call_user_func(Object(Closure), Object(Illuminate\Http\Request))
#20 [internal function]: Illuminate\Pipeline\Pipeline->Illuminate\Pipeline\{closure}(Object(Illuminate\Http\Request))
#21 /Users/sotaque/Dropbox/sites/mariliasemdengue/mariliasemdengue/vendor/laravel/framework/src/Illuminate/Pipeline/Pipeline.php(103): call_user_func(Object(Closure), Object(Illuminate\Http\Request))
#22 /Users/sotaque/Dropbox/sites/mariliasemdengue/mariliasemdengue/vendor/laravel/framework/src/Illuminate/Routing/Router.php(710): Illuminate\Pipeline\Pipeline->then(Object(Closure))
#23 /Users/sotaque/Dropbox/sites/mariliasemdengue/mariliasemdengue/vendor/laravel/framework/src/Illuminate/Routing/Router.php(675): Illuminate\Routing\Router->runRouteWithinStack(Object(Illuminate\Routing\Route), Object(Illuminate\Http\Request))
#24 /Users/sotaque/Dropbox/sites/mariliasemdengue/mariliasemdengue/vendor/laravel/framework/src/Illuminate/Routing/Router.php(635): Illuminate\Routing\Router->dispatchToRoute(Object(Illuminate\Http\Request))
#25 /Users/sotaque/Dropbox/sites/mariliasemdengue/mariliasemdengue/vendor/laravel/framework/src/Illuminate/Foundation/Http/Kernel.php(236): Illuminate\Routing\Router->dispatch(Object(Illuminate\Http\Request))
#26 [internal function]: Illuminate\Foundation\Http\Kernel->Illuminate\Foundation\Http\{closure}(Object(Illuminate\Http\Request))
#27 /Users/sotaque/Dropbox/sites/mariliasemdengue/mariliasemdengue/vendor/laravel/framework/src/Illuminate/Pipeline/Pipeline.php(139): call_user_func(Object(Closure), Object(Illuminate\Http\Request))
#28 /Users/sotaque/Dropbox/sites/mariliasemdengue/mariliasemdengue/vendor/lucadegasperi/oauth2-server-laravel/src/Middleware/OAuthExceptionHandlerMiddleware.php(36): Illuminate\Pipeline\Pipeline->Illuminate\Pipeline\{closure}(Object(Illuminate\Http\Request))
#29 [internal function]: LucaDegasperi\OAuth2Server\Middleware\OAuthExceptionHandlerMiddleware->handle(Object(Illuminate\Http\Request), Object(Closure))
#30 /Users/sotaque/Dropbox/sites/mariliasemdengue/mariliasemdengue/vendor/laravel/framework/src/Illuminate/Pipeline/Pipeline.php(124): call_user_func_array(Array, Array)
#31 /Users/sotaque/Dropbox/sites/mariliasemdengue/mariliasemdengue/vendor/laravel/framework/src/Illuminate/Foundation/Http/Middleware/VerifyCsrfToken.php(50): Illuminate\Pipeline\Pipeline->Illuminate\Pipeline\{closure}(Object(Illuminate\Http\Request))
#32 [internal function]: Illuminate\Foundation\Http\Middleware\VerifyCsrfToken->handle(Object(Illuminate\Http\Request), Object(Closure))
#33 /Users/sotaque/Dropbox/sites/mariliasemdengue/mariliasemdengue/vendor/laravel/framework/src/Illuminate/Pipeline/Pipeline.php(124): call_user_func_array(Array, Array)
#34 /Users/sotaque/Dropbox/sites/mariliasemdengue/mariliasemdengue/vendor/laravel/framework/src/Illuminate/View/Middleware/ShareErrorsFromSession.php(49): Illuminate\Pipeline\Pipeline->Illuminate\Pipeline\{closure}(Object(Illuminate\Http\Request))
#35 [internal function]: Illuminate\View\Middleware\ShareErrorsFromSession->handle(Object(Illuminate\Http\Request), Object(Closure))
#36 /Users/sotaque/Dropbox/sites/mariliasemdengue/mariliasemdengue/vendor/laravel/framework/src/Illuminate/Pipeline/Pipeline.php(124): call_user_func_array(Array, Array)
#37 /Users/sotaque/Dropbox/sites/mariliasemdengue/mariliasemdengue/vendor/laravel/framework/src/Illuminate/Session/Middleware/StartSession.php(62): Illuminate\Pipeline\Pipeline->Illuminate\Pipeline\{closure}(Object(Illuminate\Http\Request))
#38 [internal function]: Illuminate\Session\Middleware\StartSession->handle(Object(Illuminate\Http\Request), Object(Closure))
#39 /Users/sotaque/Dropbox/sites/mariliasemdengue/mariliasemdengue/vendor/laravel/framework/src/Illuminate/Pipeline/Pipeline.php(124): call_user_func_array(Array, Array)
#40 /Users/sotaque/Dropbox/sites/mariliasemdengue/mariliasemdengue/vendor/laravel/framework/src/Illuminate/Cookie/Middleware/AddQueuedCookiesToResponse.php(37): Illuminate\Pipeline\Pipeline->Illuminate\Pipeline\{closure}(Object(Illuminate\Http\Request))
#41 [internal function]: Illuminate\Cookie\Middleware\AddQueuedCookiesToResponse->handle(Object(Illuminate\Http\Request), Object(Closure))
#42 /Users/sotaque/Dropbox/sites/mariliasemdengue/mariliasemdengue/vendor/laravel/framework/src/Illuminate/Pipeline/Pipeline.php(124): call_user_func_array(Array, Array)
#43 /Users/sotaque/Dropbox/sites/mariliasemdengue/mariliasemdengue/vendor/laravel/framework/src/Illuminate/Cookie/Middleware/EncryptCookies.php(59): Illuminate\Pipeline\Pipeline->Illuminate\Pipeline\{closure}(Object(Illuminate\Http\Request))
#44 [internal function]: Illuminate\Cookie\Middleware\EncryptCookies->handle(Object(Illuminate\Http\Request), Object(Closure))
#45 /Users/sotaque/Dropbox/sites/mariliasemdengue/mariliasemdengue/vendor/laravel/framework/src/Illuminate/Pipeline/Pipeline.php(124): call_user_func_array(Array, Array)
#46 /Users/sotaque/Dropbox/sites/mariliasemdengue/mariliasemdengue/vendor/laravel/framework/src/Illuminate/Foundation/Http/Middleware/CheckForMaintenanceMode.php(44): Illuminate\Pipeline\Pipeline->Illuminate\Pipeline\{closure}(Object(Illuminate\Http\Request))
#47 [internal function]: Illuminate\Foundation\Http\Middleware\CheckForMaintenanceMode->handle(Object(Illuminate\Http\Request), Object(Closure))
#48 /Users/sotaque/Dropbox/sites/mariliasemdengue/mariliasemdengue/vendor/laravel/framework/src/Illuminate/Pipeline/Pipeline.php(124): call_user_func_array(Array, Array)
#49 [internal function]: Illuminate\Pipeline\Pipeline->Illuminate\Pipeline\{closure}(Object(Illuminate\Http\Request))
#50 /Users/sotaque/Dropbox/sites/mariliasemdengue/mariliasemdengue/vendor/laravel/framework/src/Illuminate/Pipeline/Pipeline.php(103): call_user_func(Object(Closure), Object(Illuminate\Http\Request))
#51 /Users/sotaque/Dropbox/sites/mariliasemdengue/mariliasemdengue/vendor/laravel/framework/src/Illuminate/Foundation/Http/Kernel.php(122): Illuminate\Pipeline\Pipeline->then(Object(Closure))
#52 /Users/sotaque/Dropbox/sites/mariliasemdengue/mariliasemdengue/vendor/laravel/framework/src/Illuminate/Foundation/Http/Kernel.php(87): Illuminate\Foundation\Http\Kernel->sendRequestThroughRouter(Object(Illuminate\Http\Request))
#53 /Users/sotaque/Dropbox/sites/mariliasemdengue/mariliasemdengue/public/index.php(54): Illuminate\Foundation\Http\Kernel->handle(Object(Illuminate\Http\Request))
#54 /Users/sotaque/Dropbox/sites/mariliasemdengue/mariliasemdengue/server.php(21): require_once('/Users/sotaque/...')
#55 {main}  
[2015-12-14 21:30:19] local.ERROR: exception 'ErrorException' with message 'file_put_contents(/Users/sotaque/Dropbox/sites/mariliasemdengue/mariliasemdengue/storage/framework/sessions/78a9a3247a89dc315d2f5242b2a64b84b3f6bc63): failed to open stream: No such file or directory' in /Users/sotaque/Dropbox/sites/mariliasemdengue/mariliasemdengue/vendor/laravel/framework/src/Illuminate/Filesystem/Filesystem.php:81
Stack trace:
#0 [internal function]: Illuminate\Foundation\Bootstrap\HandleExceptions->handleError(2, 'file_put_conten...', '/Users/sotaque/...', 81, Array)
#1 /Users/sotaque/Dropbox/sites/mariliasemdengue/mariliasemdengue/vendor/laravel/framework/src/Illuminate/Filesystem/Filesystem.php(81): file_put_contents('/Users/sotaque/...', 'a:3:{s:6:"_toke...', 2)
#2 /Users/sotaque/Dropbox/sites/mariliasemdengue/mariliasemdengue/vendor/laravel/framework/src/Illuminate/Session/FileSessionHandler.php(71): Illuminate\Filesystem\Filesystem->put('/Users/sotaque/...', 'a:3:{s:6:"_toke...', true)
#3 /Users/sotaque/Dropbox/sites/mariliasemdengue/mariliasemdengue/vendor/laravel/framework/src/Illuminate/Session/Store.php(271): Illuminate\Session\FileSessionHandler->write('78a9a3247a89dc3...', 'a:3:{s:6:"_toke...')
#4 /Users/sotaque/Dropbox/sites/mariliasemdengue/mariliasemdengue/vendor/laravel/framework/src/Illuminate/Session/Middleware/StartSession.php(88): Illuminate\Session\Store->save()
#5 /Users/sotaque/Dropbox/sites/mariliasemdengue/mariliasemdengue/vendor/laravel/framework/src/Illuminate/Foundation/Http/Kernel.php(145): Illuminate\Session\Middleware\StartSession->terminate(Object(Illuminate\Http\Request), Object(Illuminate\Http\Response))
#6 /Users/sotaque/Dropbox/sites/mariliasemdengue/mariliasemdengue/public/index.php(58): Illuminate\Foundation\Http\Kernel->terminate(Object(Illuminate\Http\Request), Object(Illuminate\Http\Response))
#7 /Users/sotaque/Dropbox/sites/mariliasemdengue/mariliasemdengue/server.php(21): require_once('/Users/sotaque/...')
#8 {main}  
[2015-12-14 21:30:28] local.ERROR: exception 'ErrorException' with message 'file_put_contents(/Users/sotaque/Dropbox/sites/mariliasemdengue/mariliasemdengue/storage/framework/sessions/78a9a3247a89dc315d2f5242b2a64b84b3f6bc63): failed to open stream: No such file or directory' in /Users/sotaque/Dropbox/sites/mariliasemdengue/mariliasemdengue/vendor/laravel/framework/src/Illuminate/Filesystem/Filesystem.php:81
Stack trace:
#0 [internal function]: Illuminate\Foundation\Bootstrap\HandleExceptions->handleError(2, 'file_put_conten...', '/Users/sotaque/...', 81, Array)
#1 /Users/sotaque/Dropbox/sites/mariliasemdengue/mariliasemdengue/vendor/laravel/framework/src/Illuminate/Filesystem/Filesystem.php(81): file_put_contents('/Users/sotaque/...', 'a:3:{s:6:"_toke...', 2)
#2 /Users/sotaque/Dropbox/sites/mariliasemdengue/mariliasemdengue/vendor/laravel/framework/src/Illuminate/Session/FileSessionHandler.php(71): Illuminate\Filesystem\Filesystem->put('/Users/sotaque/...', 'a:3:{s:6:"_toke...', true)
#3 /Users/sotaque/Dropbox/sites/mariliasemdengue/mariliasemdengue/vendor/laravel/framework/src/Illuminate/Session/Store.php(271): Illuminate\Session\FileSessionHandler->write('78a9a3247a89dc3...', 'a:3:{s:6:"_toke...')
#4 /Users/sotaque/Dropbox/sites/mariliasemdengue/mariliasemdengue/vendor/laravel/framework/src/Illuminate/Session/Middleware/StartSession.php(88): Illuminate\Session\Store->save()
#5 /Users/sotaque/Dropbox/sites/mariliasemdengue/mariliasemdengue/vendor/laravel/framework/src/Illuminate/Foundation/Http/Kernel.php(145): Illuminate\Session\Middleware\StartSession->terminate(Object(Illuminate\Http\Request), Object(Illuminate\Http\JsonResponse))
#6 /Users/sotaque/Dropbox/sites/mariliasemdengue/mariliasemdengue/public/index.php(58): Illuminate\Foundation\Http\Kernel->terminate(Object(Illuminate\Http\Request), Object(Illuminate\Http\JsonResponse))
#7 /Users/sotaque/Dropbox/sites/mariliasemdengue/mariliasemdengue/server.php(21): require_once('/Users/sotaque/...')
#8 {main}  
